<?xml version="1.0" encoding="UTF-8"?>
<!-- Generated by org.testng.reporters.JUnitReportReporter -->
<testsuite hostname="DESKTOP-23CSE7M" failures="0" tests="1" name="jen.jenkins_peoject.Login_and_LaunchBrowser" time="7.118" errors="0" timestamp="2024-09-14T13:03:57 IST" skipped="0">
  <testcase classname="jen.jenkins_peoject.Login_and_LaunchBrowser" name="login" time="7.118"/>
  <system-out/>
</testsuite> <!-- jen.jenkins_peoject.Login_and_LaunchBrowser -->
